Change Component Designator: Old Designator=C7 New Designator=C5
Change Component Designator: Old Designator=C8 New Designator=C3
Change Component Designator: Old Designator=C9 New Designator=C4
Change Component Designator: Old Designator=C10 New Designator=C6
Change Component Designator: Old Designator=C11 New Designator=C7
Change Component Designator: Old Designator=C12 New Designator=C8
Change Component Designator: Old Designator=C13 New Designator=C9
Change Component Designator: Old Designator=C14 New Designator=C10
Change Component Designator: Old Designator=D1 New Designator=D3
Change Component Designator: Old Designator=D2 New Designator=D4
Change Component Designator: Old Designator=D3 New Designator=D5
Change Component Designator: Old Designator=D4 New Designator=D6
Change Component Designator: Old Designator=D5 New Designator=D1
Change Component Designator: Old Designator=D6 New Designator=D2
Change Component Designator: Old Designator=D11 New Designator=D7
Change Component Designator: Old Designator=P2 New Designator=P1
Change Component Designator: Old Designator=P4 New Designator=P2
Change Component Designator: Old Designator=P5 New Designator=P3
Change Component Designator: Old Designator=P6 New Designator=P4
Change Component Designator: Old Designator=R3 New Designator=R11
Change Component Designator: Old Designator=R4 New Designator=R5
Change Component Designator: Old Designator=R5 New Designator=R7
Change Component Designator: Old Designator=R7 New Designator=R8
Change Component Designator: Old Designator=R8 New Designator=R3
Change Component Designator: Old Designator=R10 New Designator=R4
Change Component Designator: Old Designator=R12 New Designator=R10
Change Component Designator: Old Designator=R14 New Designator=R12
Change Component Designator: Old Designator=U3 New Designator=U2
Change Component Designator: Old Designator=U4 New Designator=U3
