Removed Pin From Net: NetName=GND Pin=D1-1
Removed Pin From Net: NetName=USART1_TX Pin=D1-2
Removed Pin From Net: NetName=VCC_5V3 Pin=D7-2
Removed Pin From Net: NetName=GND Pin=P3-2
Removed Pin From Net: NetName=SWCLK Pin=P3-3
Removed Pin From Net: NetName=SWDIO Pin=P3-4
Removed Pin From Net: NetName=GND Pin=P3-5
Removed Pin From Net: NetName=GND Pin=P3-6
Removed Pin From Net: NetName=USART1_TX Pin=R3-2
Removed Pin From Net: NetName=USART1_RX Pin=R4-2
Removed Member From Class: ClassName=MCU Member=P3
Change Component Footprint: Designator=P1 Old Footprint=XH_3-sleep New Footprint=Molex-53261-0671
Change Component Comment : Designator=D7 Old Comment=B5819WS New Comment=Z3.9
Change Component Comment : Designator=D1 Old Comment=D3.9 New Comment=B5819WS
Change Component Comment : Designator=D2 Old Comment=D3.9 New Comment=Z3.9
Change Component Comment : Designator=P1 Old Comment=XH_3 New Comment=Molex-53261-0671
Added Pin To Net: NetName=VCC_5V3 Pin=D1-2
Added Pin To Net: NetName=GND Pin=D7-1
Added Pin To Net: NetName=USART1_TX Pin=D7-2
Added Pin To Net: NetName=SWCLK Pin=P1-3
Added Pin To Net: NetName=SWDIO Pin=P1-4
Added Pin To Net: NetName=GND Pin=P1-7
Added Pin To Net: NetName=GND Pin=P1-8
Added Pin To Net: NetName=USART1_RX Pin=R3-2
Added Pin To Net: NetName=USART1_TX Pin=R4-2
Added Pin To Net: NetName=NetD1_1 Pin=D1-1
Added Pin To Net: NetName=NetD1_1 Pin=P1-1
Added Net: Name=NetD1_1
Added Pin To Net: NetName=NetP1_5 Pin=P1-5
Added Pin To Net: NetName=NetP1_5 Pin=R3-1
Added Net: Name=NetP1_5
Added Pin To Net: NetName=NetP1_6 Pin=P1-6
Added Pin To Net: NetName=NetP1_6 Pin=R4-1
Added Net: Name=NetP1_6
