Removed Pin From Net: NetName=VCC_BAT Pin=Q4-3
Removed Pin From Net: NetName=VCC_OUT Pin=Q5-3
Removed Pin From Net: NetName=VCC_OUT Pin=Q6-3
Removed Pin From Net: NetName=VCC_CAPBOOST Pin=Q7-3
Change Component Footprint: Designator=Q4 Old Footprint=TO-252-SMALL New Footprint=DFN5x6
Change Component Footprint: Designator=Q5 Old Footprint=TO-252-SMALL New Footprint=DFN5x6
Change Component Footprint: Designator=Q6 Old Footprint=TO-252-SMALL New Footprint=DFN5x6
Change Component Footprint: Designator=Q7 Old Footprint=TO-252-SMALL New Footprint=DFN5x6
Change Component Comment : Designator=Q4 Old Comment=AOD403 New Comment=AON6407
Change Component Comment : Designator=Q5 Old Comment=AOD403 New Comment=AON6407
Change Component Comment : Designator=Q6 Old Comment=AOD403 New Comment=AON6407
Change Component Comment : Designator=Q7 Old Comment=AOD403 New Comment=AON6407
Added Pin To Net: NetName=NetQ4_2 Pin=Q4-1
Added Pin To Net: NetName=NetQ4_2 Pin=Q4-3
Added Pin To Net: NetName=VCC_BAT Pin=Q4-5
Added Pin To Net: NetName=VCC_BAT Pin=Q4-5
Added Pin To Net: NetName=VCC_BAT Pin=Q4-5
Added Pin To Net: NetName=VCC_BAT Pin=Q4-5
Added Pin To Net: NetName=VCC_BAT Pin=Q4-5
Added Pin To Net: NetName=VCC_BAT Pin=Q4-5
Added Pin To Net: NetName=VCC_BAT Pin=Q4-5
Added Pin To Net: NetName=NetQ4_2 Pin=Q5-1
Added Pin To Net: NetName=NetQ4_2 Pin=Q5-3
Added Pin To Net: NetName=VCC_OUT Pin=Q5-5
Added Pin To Net: NetName=VCC_OUT Pin=Q5-5
Added Pin To Net: NetName=VCC_OUT Pin=Q5-5
Added Pin To Net: NetName=VCC_OUT Pin=Q5-5
Added Pin To Net: NetName=VCC_OUT Pin=Q5-5
Added Pin To Net: NetName=VCC_OUT Pin=Q5-5
Added Pin To Net: NetName=VCC_OUT Pin=Q5-5
Added Pin To Net: NetName=NetQ6_2 Pin=Q6-1
Added Pin To Net: NetName=NetQ6_2 Pin=Q6-3
Added Pin To Net: NetName=VCC_OUT Pin=Q6-5
Added Pin To Net: NetName=VCC_OUT Pin=Q6-5
Added Pin To Net: NetName=VCC_OUT Pin=Q6-5
Added Pin To Net: NetName=VCC_OUT Pin=Q6-5
Added Pin To Net: NetName=VCC_OUT Pin=Q6-5
Added Pin To Net: NetName=VCC_OUT Pin=Q6-5
Added Pin To Net: NetName=VCC_OUT Pin=Q6-5
Added Pin To Net: NetName=NetQ6_2 Pin=Q7-1
Added Pin To Net: NetName=NetQ6_2 Pin=Q7-3
Added Pin To Net: NetName=VCC_CAPBOOST Pin=Q7-5
Added Pin To Net: NetName=VCC_CAPBOOST Pin=Q7-5
Added Pin To Net: NetName=VCC_CAPBOOST Pin=Q7-5
Added Pin To Net: NetName=VCC_CAPBOOST Pin=Q7-5
Added Pin To Net: NetName=VCC_CAPBOOST Pin=Q7-5
Added Pin To Net: NetName=VCC_CAPBOOST Pin=Q7-5
Added Pin To Net: NetName=VCC_CAPBOOST Pin=Q7-5
Change Net Name : Old Net Name=NetQ4_2 New Net Name=NetQ4_1
Change Net Name : Old Net Name=NetQ6_2 New Net Name=NetQ6_1
Added Pin To Net: NetName=NetQ4_4 Pin=Q4-4
Added Pin To Net: NetName=NetQ4_4 Pin=Q5-4
Added Pin To Net: NetName=NetQ4_4 Pin=R35-1
Added Pin To Net: NetName=NetQ4_4 Pin=R39-2
Added Net: Name=NetQ4_4
Added Pin To Net: NetName=NetQ6_4 Pin=Q6-4
Added Pin To Net: NetName=NetQ6_4 Pin=Q7-4
Added Pin To Net: NetName=NetQ6_4 Pin=R37-1
Added Pin To Net: NetName=NetQ6_4 Pin=R40-2
Added Net: Name=NetQ6_4
