Added Component: Designator=C1(CAP-0603-L)
Add component. Clean all parameters for all variants
Added Component: Designator=C2(CAP-0603-L)
Add component. Clean all parameters for all variants
Added Component: Designator=C3(CAP-0805-L)
Add component. Clean all parameters for all variants
Added Component: Designator=C4(CAP-0603-L)
Add component. Clean all parameters for all variants
Added Component: Designator=C5(CAP-0603-L)
Add component. Clean all parameters for all variants
Added Component: Designator=C6(CAP-0603-L)
Add component. Clean all parameters for all variants
Added Component: Designator=C7(CAP-0603-L)
Add component. Clean all parameters for all variants
Added Component: Designator=C8(CAP-0603-L)
Add component. Clean all parameters for all variants
Added Component: Designator=C9(CAP-0603-L)
Add component. Clean all parameters for all variants
Added Component: Designator=C10(CAP-0603-L)
Add component. Clean all parameters for all variants
Added Component: Designator=C11(CAP-1210)
Add component. Clean all parameters for all variants
Added Component: Designator=C12(CAP-1210)
Add component. Clean all parameters for all variants
Added Component: Designator=C13(CAP-0603)
Add component. Clean all parameters for all variants
Added Component: Designator=C14(CAP-0603)
Add component. Clean all parameters for all variants
Added Component: Designator=C15(CAP-1210)
Add component. Clean all parameters for all variants
Added Component: Designator=C16(CAP-1210)
Add component. Clean all parameters for all variants
Added Component: Designator=C17(CAP-1210)
Add component. Clean all parameters for all variants
Added Component: Designator=C18(CAP-1210)
Add component. Clean all parameters for all variants
Added Component: Designator=C19(CAP-0603)
Add component. Clean all parameters for all variants
Added Component: Designator=C20(CAP-0805-L)
Add component. Clean all parameters for all variants
Added Component: Designator=C21(CAP-0603-L)
Add component. Clean all parameters for all variants
Added Component: Designator=C22(CAP-0603)
Add component. Clean all parameters for all variants
Added Component: Designator=C23(CAP-1210)
Add component. Clean all parameters for all variants
Added Component: Designator=C24(CAP-1210)
Add component. Clean all parameters for all variants
Added Component: Designator=C25(CAP-0603)
Add component. Clean all parameters for all variants
Added Component: Designator=C26(CAP-0603)
Add component. Clean all parameters for all variants
Added Component: Designator=C27(CAP-0603)
Add component. Clean all parameters for all variants
Added Component: Designator=C28(CAP-0603-L)
Add component. Clean all parameters for all variants
Added Component: Designator=C29(CAP-0603)
Add component. Clean all parameters for all variants
Added Component: Designator=C30(CAP-0603)
Add component. Clean all parameters for all variants
Added Component: Designator=C31(CAP-1210)
Add component. Clean all parameters for all variants
Added Component: Designator=C32(CAP-1210)
Add component. Clean all parameters for all variants
Added Component: Designator=C33(CAP-0603)
Add component. Clean all parameters for all variants
Added Component: Designator=C34(CAP-0603)
Add component. Clean all parameters for all variants
Added Component: Designator=C35(CAP-0805-L)
Add component. Clean all parameters for all variants
Added Component: Designator=C36(CAP-0603)
Add component. Clean all parameters for all variants
Added Component: Designator=C37(CAP-0603-L)
Add component. Clean all parameters for all variants
Added Component: Designator=C38(CAP-0603)
Add component. Clean all parameters for all variants
Added Component: Designator=C39(CAP-0805-L)
Add component. Clean all parameters for all variants
Added Component: Designator=C40(CAP-0603)
Add component. Clean all parameters for all variants
Added Component: Designator=C41(CAP-0603-L)
Add component. Clean all parameters for all variants
Added Component: Designator=C42(CAP-0805-L)
Add component. Clean all parameters for all variants
Added Component: Designator=C43(CAP-0805-L)
Add component. Clean all parameters for all variants
Added Component: Designator=C44(CAP-0603-L)
Add component. Clean all parameters for all variants
Added Component: Designator=C45(CAP-0603-L)
Add component. Clean all parameters for all variants
Added Component: Designator=C46(CAP-0805-L)
Add component. Clean all parameters for all variants
Added Component: Designator=C47(CAP-0805-L)
Add component. Clean all parameters for all variants
Added Component: Designator=C48(CAP-0603-L)
Add component. Clean all parameters for all variants
Added Component: Designator=C49(CAP-0603-L)
Add component. Clean all parameters for all variants
Added Component: Designator=C50(CAP-0805-L)
Add component. Clean all parameters for all variants
Added Component: Designator=C51(CAP-0603-L)
Add component. Clean all parameters for all variants
Added Component: Designator=C52(CAP-0603-L)
Add component. Clean all parameters for all variants
Added Component: Designator=C53(CAP-0603-L)
Add component. Clean all parameters for all variants
Added Component: Designator=D1(SOD_323)
Add component. Clean all parameters for all variants
Added Component: Designator=D2(SOD_323)
Add component. Clean all parameters for all variants
Added Component: Designator=D3(LED_0603-L)
Add component. Clean all parameters for all variants
Added Component: Designator=D4(LED_0603-L)
Add component. Clean all parameters for all variants
Added Component: Designator=D5(LED_0603-L)
Add component. Clean all parameters for all variants
Added Component: Designator=D6(LED_0603-L)
Add component. Clean all parameters for all variants
Added Component: Designator=D7(SOD_323)
Add component. Clean all parameters for all variants
Added Component: Designator=D8(PowerDi-5)
Add component. Clean all parameters for all variants
Added Component: Designator=D9(SOD_323)
Add component. Clean all parameters for all variants
Added Component: Designator=D10(SOD_323)
Add component. Clean all parameters for all variants
Added Component: Designator=D11(PowerDi-5)
Add component. Clean all parameters for all variants
Added Component: Designator=D12(SOD_323)
Add component. Clean all parameters for all variants
Added Component: Designator=D13(LED_0603-L)
Add component. Clean all parameters for all variants
Added Component: Designator=D14(LED_0603-L)
Add component. Clean all parameters for all variants
Added Component: Designator=D15(SOD_323)
Add component. Clean all parameters for all variants
Added Component: Designator=D16(SOD_323)
Add component. Clean all parameters for all variants
Added Component: Designator=D17(LED_0603-L)
Add component. Clean all parameters for all variants
Added Component: Designator=D18(Diode_SMA)
Add component. Clean all parameters for all variants
Added Component: Designator=D19(SOD_323)
Add component. Clean all parameters for all variants
Added Component: Designator=D20(SOD_323)
Add component. Clean all parameters for all variants
Added Component: Designator=F1(FUSE_1206)
Add component. Clean all parameters for all variants
Added Component: Designator=L1(L-0603-L)
Add component. Clean all parameters for all variants
Added Component: Designator=L2(L-0603-L)
Add component. Clean all parameters for all variants
Added Component: Designator=L3(L-10040)
Add component. Clean all parameters for all variants
Added Component: Designator=L4(L-10040)
Add component. Clean all parameters for all variants
Added Component: Designator=L5(L-0630)
Add component. Clean all parameters for all variants
Added Component: Designator=P1(XH_3-sleep)
Add component. Clean all parameters for all variants
Added Component: Designator=P2(XH_2-SLEEP)
Add component. Clean all parameters for all variants
Added Component: Designator=P3(Molex-53261-0471)
Add component. Clean all parameters for all variants
Added Component: Designator=P4(XH_2-SLEEP)
Add component. Clean all parameters for all variants
Added Component: Designator=P5(XT60PW-F)
Add component. Clean all parameters for all variants
Added Component: Designator=P6(XT60PW-F)
Add component. Clean all parameters for all variants
Added Component: Designator=P7(XT60PW-F)
Add component. Clean all parameters for all variants
Added Component: Designator=Q1(SOT-669)
Add component. Clean all parameters for all variants
Added Component: Designator=Q2(DFN5x6)
Add component. Clean all parameters for all variants
Added Component: Designator=Q3(DFN5x6)
Add component. Clean all parameters for all variants
Added Component: Designator=Q4(TO-252-small)
Add component. Clean all parameters for all variants
Added Component: Designator=Q5(TO-252-small)
Add component. Clean all parameters for all variants
Added Component: Designator=Q6(TO-252-small)
Add component. Clean all parameters for all variants
Added Component: Designator=Q7(TO-252-small)
Add component. Clean all parameters for all variants
Added Component: Designator=Q8(SOT-23-3)
Add component. Clean all parameters for all variants
Added Component: Designator=Q9(SOT-23-3)
Add component. Clean all parameters for all variants
Added Component: Designator=Q10(SOT-23-3)
Add component. Clean all parameters for all variants
Added Component: Designator=R1(R-0603-L)
Add component. Clean all parameters for all variants
Added Component: Designator=R2(R-0603-L)
Add component. Clean all parameters for all variants
Added Component: Designator=R3(R-0603-L)
Add component. Clean all parameters for all variants
Added Component: Designator=R4(R-0603-L)
Add component. Clean all parameters for all variants
Added Component: Designator=R5(R-0603-L)
Add component. Clean all parameters for all variants
Added Component: Designator=R6(R-0603-L)
Add component. Clean all parameters for all variants
Added Component: Designator=R7(R-0603-L)
Add component. Clean all parameters for all variants
Added Component: Designator=R8(R-0603-L)
Add component. Clean all parameters for all variants
Added Component: Designator=R9(R-0603-L)
Add component. Clean all parameters for all variants
Added Component: Designator=R10(R-0603-L)
Add component. Clean all parameters for all variants
Added Component: Designator=R11(R-0603-L)
Add component. Clean all parameters for all variants
Added Component: Designator=R12(R-0603-L)
Add component. Clean all parameters for all variants
Added Component: Designator=R13(R-0603-L)
Add component. Clean all parameters for all variants
Added Component: Designator=R14(R-0603-L)
Add component. Clean all parameters for all variants
Added Component: Designator=R15(R-0603-L)
Add component. Clean all parameters for all variants
Added Component: Designator=R16(R-2512-SMALL)
Add component. Clean all parameters for all variants
Added Component: Designator=R17(R-0603-L)
Add component. Clean all parameters for all variants
Added Component: Designator=R18(R-0603-L)
Add component. Clean all parameters for all variants
Added Component: Designator=R19(R-0603-L)
Add component. Clean all parameters for all variants
Added Component: Designator=R20(R-0805-L)
Add component. Clean all parameters for all variants
Added Component: Designator=R21(R-0603-L)
Add component. Clean all parameters for all variants
Added Component: Designator=R22(R-2512-SMALL)
Add component. Clean all parameters for all variants
Added Component: Designator=R23(R-0603-L)
Add component. Clean all parameters for all variants
Added Component: Designator=R24(R-0603-L)
Add component. Clean all parameters for all variants
Added Component: Designator=R25(R-0603-L)
Add component. Clean all parameters for all variants
Added Component: Designator=R26(R-0603-L)
Add component. Clean all parameters for all variants
Added Component: Designator=R27(R-0603-L)
Add component. Clean all parameters for all variants
Added Component: Designator=R28(R-0603-L)
Add component. Clean all parameters for all variants
Added Component: Designator=R29(R-0603-L)
Add component. Clean all parameters for all variants
Added Component: Designator=R30(R-0603-L)
Add component. Clean all parameters for all variants
Added Component: Designator=R31(R-0603-L)
Add component. Clean all parameters for all variants
Added Component: Designator=R32(R-0603-L)
Add component. Clean all parameters for all variants
Added Component: Designator=R33(R-0603-L)
Add component. Clean all parameters for all variants
Added Component: Designator=R34(R-0603-L)
Add component. Clean all parameters for all variants
Added Component: Designator=R35(R-0603-L)
Add component. Clean all parameters for all variants
Added Component: Designator=R36(R-0603-L)
Add component. Clean all parameters for all variants
Added Component: Designator=R37(R-0603-L)
Add component. Clean all parameters for all variants
Added Component: Designator=R38(R-0603-L)
Add component. Clean all parameters for all variants
Added Component: Designator=R39(R-0603-L)
Add component. Clean all parameters for all variants
Added Component: Designator=R40(R-0603-L)
Add component. Clean all parameters for all variants
Added Component: Designator=R41(R-0603-L)
Add component. Clean all parameters for all variants
Added Component: Designator=R42(R-0603-L)
Add component. Clean all parameters for all variants
Added Component: Designator=R43(R-0603-L)
Add component. Clean all parameters for all variants
Added Component: Designator=R44(R-0603-L)
Add component. Clean all parameters for all variants
Added Component: Designator=R45(R-0603-L)
Add component. Clean all parameters for all variants
Added Component: Designator=R46(R-0603-L)
Add component. Clean all parameters for all variants
Added Component: Designator=R47(R-0603-L)
Add component. Clean all parameters for all variants
Added Component: Designator=R48(R-0603-L)
Add component. Clean all parameters for all variants
Added Component: Designator=R49(R-0603-L)
Add component. Clean all parameters for all variants
Added Component: Designator=R50(R-0603-L)
Add component. Clean all parameters for all variants
Added Component: Designator=R51(R-0603-L)
Add component. Clean all parameters for all variants
Added Component: Designator=R52(R-0603-L)
Add component. Clean all parameters for all variants
Added Component: Designator=R53(R-0603-L)
Add component. Clean all parameters for all variants
Added Component: Designator=R54(R-0603-L)
Add component. Clean all parameters for all variants
Added Component: Designator=R55(R-0603-L)
Add component. Clean all parameters for all variants
Added Component: Designator=R56(R-0603-L)
Add component. Clean all parameters for all variants
Added Component: Designator=SB1(Solderbridge-0603)
Add component. Clean all parameters for all variants
Add component (AddParameter): Name = "Value"; Value = "Solderbridge"; VariantName = "[No Variations]"
Added Component: Designator=SW1(KEY-YD-3414)
Add component. Clean all parameters for all variants
Added Component: Designator=U1(STM-LQFP48_N)
Add component. Clean all parameters for all variants
Add component (AddParameter): Name = "A/D Converter"; Value = "2x12-bit (10 Channel)"; VariantName = "[No Variations]"
Add component (AddParameter): Name = "ComponentLink1Description"; Value = "Manufacturer URL"; VariantName = "[No Variations]"
Add component (AddParameter): Name = "ComponentLink1URL"; Value = "http://www.st.com/web/en/home.html"; VariantName = "[No Variations]"
Add component (AddParameter): Name = "ComponentLink2Description"; Value = "Datasheet"; VariantName = "[No Variations]"
Add component (AddParameter): Name = "ComponentLink2URL"; Value = "http://www.st.com/st-web-ui/static/active/en/resource/technical/document/datasheet/CD00161566.pdf"; VariantName = "[No Variations]"
Add component (AddParameter): Name = "ComponentLink3Description"; Value = "Package Specification"; VariantName = "[No Variations]"
Add component (AddParameter): Name = "ComponentLink3URL"; Value = "http://www.st.com/st-web-ui/static/active/en/resource/technical/document/datasheet/DM00058181.pdf"; VariantName = "[No Variations]"
Add component (AddParameter): Name = "Core"; Value = "ARM Cortex-M3"; VariantName = "[No Variations]"
Add component (AddParameter): Name = "DatasheetVersion"; Value = "Rev. 16"; VariantName = "[No Variations]"
Add component (AddParameter): Name = "FLASH Size (Prog) (kB)"; Value = "64"; VariantName = "[No Variations]"
Add component (AddParameter): Name = "I/Os (High Current)"; Value = "37"; VariantName = "[No Variations]"
Add component (AddParameter): Name = "Internal RAM Size (kB)"; Value = "20"; VariantName = "[No Variations]"
Add component (AddParameter): Name = "Mounting Technology"; Value = "Surface Mount"; VariantName = "[No Variations]"
Add component (AddParameter): Name = "Operating Frequency(F) (Processor speed) (MHz)"; Value = "72"; VariantName = "[No Variations]"
Add component (AddParameter): Name = "PackageDescription"; Value = "48-Pin Low Profile Quad Flat Package, 7 x 7 mm Body, 0.5 mm Pitch"; VariantName = "[No Variations]"
Add component (AddParameter): Name = "PackageReference"; Value = "LQFP48"; VariantName = "[No Variations]"
Add component (AddParameter): Name = "PackageVersion"; Value = "Rev. 6, 06/2013"; VariantName = "[No Variations]"
Add component (AddParameter): Name = "Packing"; Value = "Tray"; VariantName = "[No Variations]"
Add component (AddParameter): Name = "PartNumber"; Value = "STM32F103C8T6"; VariantName = "[No Variations]"
Add component (AddParameter): Name = "Supplier 1"; Value = "Digi-Key"; VariantName = "[No Variations]"
Add component (AddParameter): Name = "Supplier 2"; Value = "Farnell"; VariantName = "[No Variations]"
Add component (AddParameter): Name = "Supplier 3"; Value = "Newark"; VariantName = "[No Variations]"
Add component (AddParameter): Name = "Supplier 4"; Value = "Newark"; VariantName = "[No Variations]"
Add component (AddParameter): Name = "Supplier 5"; Value = "Mouser"; VariantName = "[No Variations]"
Add component (AddParameter): Name = "Supplier Part Number 1"; Value = "497-6063-ND"; VariantName = "[No Variations]"
Add component (AddParameter): Name = "Supplier Part Number 2"; Value = "1447637"; VariantName = "[No Variations]"
Add component (AddParameter): Name = "Supplier Part Number 3"; Value = "59M2182"; VariantName = "[No Variations]"
Add component (AddParameter): Name = "Supplier Part Number 4"; Value = "57P1222"; VariantName = "[No Variations]"
Add component (AddParameter): Name = "Supplier Part Number 5"; Value = "511-STM32F103C8T6"; VariantName = "[No Variations]"
Add component (AddParameter): Name = "Supply Voltage(Vcc) min (V)"; Value = "2"; VariantName = "[No Variations]"
Added Component: Designator=U2(SOT-23-6)
Add component. Clean all parameters for all variants
Added Component: Designator=U3(SOIC_8)
Add component. Clean all parameters for all variants
Added Component: Designator=U4(MSOP_E120_P0.5_10)
Add component. Clean all parameters for all variants
Added Component: Designator=U5(VQFN16N)
Add component. Clean all parameters for all variants
Added Component: Designator=U6(SOT-23-6)
Add component. Clean all parameters for all variants
Added Component: Designator=U7(SOIC_8)
Add component. Clean all parameters for all variants
Added Component: Designator=U8(SOT-23-5)
Add component. Clean all parameters for all variants
Added Component: Designator=U9(SOT-23-5)
Add component. Clean all parameters for all variants
Added Component: Designator=X1(CSTCE_G(A)´åÌï¾§Õñ)
Add component. Clean all parameters for all variants
Added Pin To Net: NetName=VSSA_MCU Pin=C1-1
Added Pin To Net: NetName=VDDA_MCU Pin=C1-2
Added Pin To Net: NetName=VSSA_MCU Pin=C2-1
Added Pin To Net: NetName=VDDA_MCU Pin=C2-2
Added Pin To Net: NetName=GND Pin=C3-1
Added Pin To Net: NetName=GND Pin=C4-1
Added Pin To Net: NetName=GND Pin=C5-1
Added Pin To Net: NetName=NRST Pin=C5-2
Added Pin To Net: NetName=GND Pin=C6-1
Added Pin To Net: NetName=GND Pin=C7-1
Added Pin To Net: NetName=GND Pin=C8-1
Added Pin To Net: NetName=GND Pin=C9-1
Added Pin To Net: NetName=GND Pin=C10-1
Added Pin To Net: NetName=GND Pin=C11-1
Added Pin To Net: NetName=GND Pin=C12-1
Added Pin To Net: NetName=GND Pin=C13-1
Added Pin To Net: NetName=GND Pin=C14-1
Added Pin To Net: NetName=GND Pin=C15-1
Added Pin To Net: NetName=GND Pin=C16-1
Added Pin To Net: NetName=GND Pin=C17-1
Added Pin To Net: NetName=GND Pin=C18-1
Added Pin To Net: NetName=NetC19_1 Pin=C19-1
Added Pin To Net: NetName=GND Pin=C20-1
Added Pin To Net: NetName=NetC20_2 Pin=C20-2
Added Pin To Net: NetName=GND Pin=C21-2
Added Pin To Net: NetName=GND Pin=C22-2
Added Pin To Net: NetName=GND Pin=C23-1
Added Pin To Net: NetName=GND Pin=C24-1
Added Pin To Net: NetName=GND Pin=C25-2
Added Pin To Net: NetName=BQ_VREF_3V3 Pin=C26-1
Added Pin To Net: NetName=GND Pin=C26-2
Added Pin To Net: NetName=NetC27_2 Pin=C27-2
Added Pin To Net: NetName=BQ_VFB Pin=C28-1
Added Pin To Net: NetName=GND Pin=C29-1
Added Pin To Net: NetName=GND Pin=C31-1
Added Pin To Net: NetName=GND Pin=C32-1
Added Pin To Net: NetName=VCC_5V Pin=C33-1
Added Pin To Net: NetName=GND Pin=C33-2
Added Pin To Net: NetName=NetC34_2 Pin=C34-2
Added Pin To Net: NetName=GND Pin=C35-1
Added Pin To Net: NetName=GND Pin=C36-1
Added Pin To Net: NetName=NetC37_1 Pin=C37-1
Added Pin To Net: NetName=VCC_5V3 Pin=C37-2
Added Pin To Net: NetName=GND Pin=C38-1
Added Pin To Net: NetName=VCC_5V3 Pin=C38-2
Added Pin To Net: NetName=GND Pin=C39-1
Added Pin To Net: NetName=VCC_5V3 Pin=C39-2
Added Pin To Net: NetName=GND Pin=C40-1
Added Pin To Net: NetName=GND Pin=C41-1
Added Pin To Net: NetName=BAT_IAD Pin=C41-2
Added Pin To Net: NetName=GND Pin=C42-1
Added Pin To Net: NetName=GND Pin=C43-1
Added Pin To Net: NetName=VCC_5V3 Pin=C43-2
Added Pin To Net: NetName=GND Pin=C44-1
Added Pin To Net: NetName=VCC_5V3 Pin=C44-2
Added Pin To Net: NetName=GND Pin=C45-1
Added Pin To Net: NetName=GND Pin=C46-1
Added Pin To Net: NetName=GND Pin=C47-1
Added Pin To Net: NetName=VCC_5V3 Pin=C47-2
Added Pin To Net: NetName=GND Pin=C48-1
Added Pin To Net: NetName=VCC_5V3 Pin=C48-2
Added Pin To Net: NetName=GND Pin=C49-1
Added Pin To Net: NetName=VCC_5V Pin=C49-2
Added Pin To Net: NetName=GND Pin=C50-1
Added Pin To Net: NetName=VCC_5V Pin=C50-2
Added Pin To Net: NetName=GND Pin=C51-1
Added Pin To Net: NetName=GND Pin=C52-1
Added Pin To Net: NetName=BAT_VAD Pin=C52-2
Added Pin To Net: NetName=GND Pin=C53-1
Added Pin To Net: NetName=CAP_VAD Pin=C53-2
Added Pin To Net: NetName=GND Pin=D1-1
Added Pin To Net: NetName=USART1_TX Pin=D1-2
Added Pin To Net: NetName=GND Pin=D2-1
Added Pin To Net: NetName=USART1_RX Pin=D2-2
Added Pin To Net: NetName=NetD3_1 Pin=D3-1
Added Pin To Net: NetName=LED_ID Pin=D3-2
Added Pin To Net: NetName=NetD4_1 Pin=D4-1
Added Pin To Net: NetName=LED_MODE Pin=D4-2
Added Pin To Net: NetName=LED_CAPFULL Pin=D5-2
Added Pin To Net: NetName=LED_CAPLOW Pin=D6-2
Added Pin To Net: NetName=VCC_5V3 Pin=D7-2
Added Pin To Net: NetName=GND Pin=D9-1
Added Pin To Net: NetName=NetC27_2 Pin=D10-2
Added Pin To Net: NetName=GND Pin=D12-1
Added Pin To Net: NetName=BQ_ISET Pin=D12-2
Added Pin To Net: NetName=BQ_STAT Pin=D13-2
Added Pin To Net: NetName=NetD14_1 Pin=D14-1
Added Pin To Net: NetName=BQ_PG Pin=D14-2
Added Pin To Net: NetName=GND Pin=D16-1
Added Pin To Net: NetName=NetC34_2 Pin=D16-2
Added Pin To Net: NetName=GND Pin=D17-2
Added Pin To Net: NetName=GND Pin=D18-1
Added Pin To Net: NetName=GND Pin=D19-1
Added Pin To Net: NetName=BAT_VAD Pin=D19-2
Added Pin To Net: NetName=GND Pin=D20-1
Added Pin To Net: NetName=CAP_VAD Pin=D20-2
Added Pin To Net: NetName=VDDA_MCU Pin=L1-2
Added Pin To Net: NetName=GND Pin=L2-1
Added Pin To Net: NetName=VSSA_MCU Pin=L2-2
Added Pin To Net: NetName=NetC34_2 Pin=L5-1
Added Pin To Net: NetName=VCC_5V3 Pin=L5-2
Added Pin To Net: NetName=GND Pin=P1-2
Added Pin To Net: NetName=CAN_H Pin=P2-1
Added Pin To Net: NetName=CAN_L Pin=P2-2
Added Pin To Net: NetName=GND Pin=P3-2
Added Pin To Net: NetName=SWCLK Pin=P3-3
Added Pin To Net: NetName=SWDIO Pin=P3-4
Added Pin To Net: NetName=GND Pin=P3-5
Added Pin To Net: NetName=GND Pin=P3-6
Added Pin To Net: NetName=CAN_H Pin=P4-1
Added Pin To Net: NetName=CAN_L Pin=P4-2
Added Pin To Net: NetName=GND Pin=P5-2
Added Pin To Net: NetName=GND Pin=P6-2
Added Pin To Net: NetName=VCC_OUT Pin=P7-1
Added Pin To Net: NetName=GND Pin=P7-2
Added Pin To Net: NetName=NetC20_2 Pin=Q1-1
Added Pin To Net: NetName=NetC20_2 Pin=Q1-2
Added Pin To Net: NetName=NetC20_2 Pin=Q1-3
Added Pin To Net: NetName=NetQ1_4 Pin=Q1-4
Added Pin To Net: NetName=NetQ2_4 Pin=Q2-4
Added Pin To Net: NetName=GND Pin=Q3-1
Added Pin To Net: NetName=GND Pin=Q3-2
Added Pin To Net: NetName=GND Pin=Q3-3
Added Pin To Net: NetName=NetQ3_4 Pin=Q3-4
Added Pin To Net: NetName=NetQ4_1 Pin=Q4-1
Added Pin To Net: NetName=NetQ4_2 Pin=Q4-2
Added Pin To Net: NetName=NetQ4_1 Pin=Q5-1
Added Pin To Net: NetName=NetQ4_2 Pin=Q5-2
Added Pin To Net: NetName=VCC_OUT Pin=Q5-3
Added Pin To Net: NetName=NetQ6_1 Pin=Q6-1
Added Pin To Net: NetName=NetQ6_2 Pin=Q6-2
Added Pin To Net: NetName=VCC_OUT Pin=Q6-3
Added Pin To Net: NetName=NetQ6_1 Pin=Q7-1
Added Pin To Net: NetName=NetQ6_2 Pin=Q7-2
Added Pin To Net: NetName=GND Pin=Q8-2
Added Pin To Net: NetName=GND Pin=Q9-2
Added Pin To Net: NetName=NetQ9_3 Pin=Q9-3
Added Pin To Net: NetName=GND Pin=Q10-2
Added Pin To Net: NetName=I2C_SCL Pin=R1-1
Added Pin To Net: NetName=I2C_SDA Pin=R2-1
Added Pin To Net: NetName=USART1_TX Pin=R3-2
Added Pin To Net: NetName=USART1_RX Pin=R4-2
Added Pin To Net: NetName=GND Pin=R5-2
Added Pin To Net: NetName=NetD3_1 Pin=R6-2
Added Pin To Net: NetName=NRST Pin=R7-1
Added Pin To Net: NetName=NetD4_1 Pin=R8-2
Added Pin To Net: NetName=USER_SW Pin=R11-2
Added Pin To Net: NetName=CAN_H Pin=R12-2
Added Pin To Net: NetName=NetQ1_4 Pin=R13-1
Added Pin To Net: NetName=GND Pin=R15-1
Added Pin To Net: NetName=GND Pin=R16-1
Added Pin To Net: NetName=NetC20_2 Pin=R16-2
Added Pin To Net: NetName=GND Pin=R17-1
Added Pin To Net: NetName=GND Pin=R18-1
Added Pin To Net: NetName=NetC19_1 Pin=R18-2
Added Pin To Net: NetName=NetQ2_4 Pin=R21-2
Added Pin To Net: NetName=NetQ3_4 Pin=R23-2
Added Pin To Net: NetName=GND Pin=R24-1
Added Pin To Net: NetName=BQ_ISET Pin=R24-2
Added Pin To Net: NetName=GND Pin=R25-1
Added Pin To Net: NetName=BQ_EN Pin=R25-2
Added Pin To Net: NetName=BQ_VFB Pin=R26-1
Added Pin To Net: NetName=GND Pin=R27-1
Added Pin To Net: NetName=BQ_VFB Pin=R27-2
Added Pin To Net: NetName=BQ_TS_1V65 Pin=R28-1
Added Pin To Net: NetName=BQ_VREF_3V3 Pin=R28-2
Added Pin To Net: NetName=GND Pin=R29-1
Added Pin To Net: NetName=BQ_TS_1V65 Pin=R29-2
Added Pin To Net: NetName=BQ_VREF_3V3 Pin=R30-1
Added Pin To Net: NetName=BQ_VREF_3V3 Pin=R31-1
Added Pin To Net: NetName=NetD14_1 Pin=R31-2
Added Pin To Net: NetName=NetQ4_2 Pin=R32-1
Added Pin To Net: NetName=NetQ6_2 Pin=R33-2
Added Pin To Net: NetName=GND Pin=R34-1
Added Pin To Net: NetName=NetQ4_1 Pin=R35-1
Added Pin To Net: NetName=NetQ4_2 Pin=R35-2
Added Pin To Net: NetName=GND Pin=R36-1
Added Pin To Net: NetName=VCC_OUT Pin=R36-2
Added Pin To Net: NetName=NetQ6_1 Pin=R37-1
Added Pin To Net: NetName=NetQ6_2 Pin=R37-2
Added Pin To Net: NetName=GND Pin=R38-1
Added Pin To Net: NetName=NetQ4_1 Pin=R39-2
Added Pin To Net: NetName=NetQ9_3 Pin=R40-1
Added Pin To Net: NetName=NetQ6_1 Pin=R40-2
Added Pin To Net: NetName=VCC_5V3 Pin=R41-2
Added Pin To Net: NetName=POWER_SW Pin=R42-1
Added Pin To Net: NetName=GND Pin=R43-2
Added Pin To Net: NetName=GND Pin=R44-2
Added Pin To Net: NetName=VCC_5V3 Pin=R45-2
Added Pin To Net: NetName=BAT_IAD Pin=R46-1
Added Pin To Net: NetName=NetC37_1 Pin=R48-1
Added Pin To Net: NetName=VCC_5V3 Pin=R48-2
Added Pin To Net: NetName=GND Pin=R50-1
Added Pin To Net: NetName=BAT_IAD Pin=R50-2
Added Pin To Net: NetName=GND Pin=R51-1
Added Pin To Net: NetName=GND Pin=R52-1
Added Pin To Net: NetName=NetC37_1 Pin=R52-2
Added Pin To Net: NetName=BAT_VAD Pin=R53-1
Added Pin To Net: NetName=CAP_VAD Pin=R54-1
Added Pin To Net: NetName=GND Pin=R55-1
Added Pin To Net: NetName=BAT_VAD Pin=R55-2
Added Pin To Net: NetName=GND Pin=R56-1
Added Pin To Net: NetName=CAP_VAD Pin=R56-2
Added Pin To Net: NetName=CAN_L Pin=SB1-1
Added Pin To Net: NetName=USER_SW Pin=SW1-1
Added Pin To Net: NetName=USER_SW Pin=SW1-1
Added Pin To Net: NetName=GND Pin=SW1-2
Added Pin To Net: NetName=GND Pin=SW1-2
Added Pin To Net: NetName=NetU1_5 Pin=U1-5
Added Pin To Net: NetName=NetU1_6 Pin=U1-6
Added Pin To Net: NetName=NRST Pin=U1-7
Added Pin To Net: NetName=VSSA_MCU Pin=U1-8
Added Pin To Net: NetName=VDDA_MCU Pin=U1-9
Added Pin To Net: NetName=BAT_VAD Pin=U1-10
Added Pin To Net: NetName=BAT_IAD Pin=U1-11
Added Pin To Net: NetName=CAP_VAD Pin=U1-12
Added Pin To Net: NetName=POWER_SW Pin=U1-14
Added Pin To Net: NetName=BQ_STAT Pin=U1-15
Added Pin To Net: NetName=BQ_EN Pin=U1-16
Added Pin To Net: NetName=BQ_PG Pin=U1-17
Added Pin To Net: NetName=LED_ID Pin=U1-21
Added Pin To Net: NetName=LED_MODE Pin=U1-22
Added Pin To Net: NetName=GND Pin=U1-23
Added Pin To Net: NetName=LED_CAPLOW Pin=U1-25
Added Pin To Net: NetName=LED_CAPFULL Pin=U1-26
Added Pin To Net: NetName=USER_SW Pin=U1-27
Added Pin To Net: NetName=USART1_TX Pin=U1-30
Added Pin To Net: NetName=USART1_RX Pin=U1-31
Added Pin To Net: NetName=CAN_RX Pin=U1-32
Added Pin To Net: NetName=CAN_TX Pin=U1-33
Added Pin To Net: NetName=SWDIO Pin=U1-34
Added Pin To Net: NetName=GND Pin=U1-35
Added Pin To Net: NetName=SWCLK Pin=U1-37
Added Pin To Net: NetName=I2C_SCL Pin=U1-42
Added Pin To Net: NetName=I2C_SDA Pin=U1-43
Added Pin To Net: NetName=GND Pin=U1-47
Added Pin To Net: NetName=BQ_ISET Pin=U2-1
Added Pin To Net: NetName=GND Pin=U2-2
Added Pin To Net: NetName=I2C_SDA Pin=U2-4
Added Pin To Net: NetName=I2C_SCL Pin=U2-5
Added Pin To Net: NetName=GND Pin=U2-6
Added Pin To Net: NetName=CAN_TX Pin=U3-1
Added Pin To Net: NetName=GND Pin=U3-2
Added Pin To Net: NetName=CAN_RX Pin=U3-4
Added Pin To Net: NetName=CAN_L Pin=U3-6
Added Pin To Net: NetName=CAN_H Pin=U3-7
Added Pin To Net: NetName=GND Pin=U3-8
Added Pin To Net: NetName=NetC20_2 Pin=U4-1
Added Pin To Net: NetName=GND Pin=U4-4
Added Pin To Net: NetName=GND Pin=U4-5
Added Pin To Net: NetName=BQ_EN Pin=U5-2
Added Pin To Net: NetName=BQ_STAT Pin=U5-3
Added Pin To Net: NetName=BQ_TS_1V65 Pin=U5-4
Added Pin To Net: NetName=BQ_PG Pin=U5-5
Added Pin To Net: NetName=BQ_VREF_3V3 Pin=U5-6
Added Pin To Net: NetName=BQ_ISET Pin=U5-7
Added Pin To Net: NetName=BQ_VFB Pin=U5-8
Added Pin To Net: NetName=GND Pin=U5-11
Added Pin To Net: NetName=NetC27_2 Pin=U5-16
Added Pin To Net: NetName=GND Pin=U5-17
Added Pin To Net: NetName=GND Pin=U6-2
Added Pin To Net: NetName=NetC37_1 Pin=U6-3
Added Pin To Net: NetName=NetC34_2 Pin=U6-6
Added Pin To Net: NetName=GND Pin=U7-5
Added Pin To Net: NetName=VCC_5V Pin=U7-8
Added Pin To Net: NetName=VCC_5V3 Pin=U8-1
Added Pin To Net: NetName=GND Pin=U8-2
Added Pin To Net: NetName=VCC_5V3 Pin=U8-3
Added Pin To Net: NetName=VCC_5V3 Pin=U9-1
Added Pin To Net: NetName=GND Pin=U9-2
Added Pin To Net: NetName=VCC_5V3 Pin=U9-3
Added Pin To Net: NetName=VCC_5V Pin=U9-5
Added Pin To Net: NetName=NetU1_5 Pin=X1-1
Added Pin To Net: NetName=GND Pin=X1-2
Added Pin To Net: NetName=NetU1_6 Pin=X1-3
Added Pin To Net: NetName=BQ_ISRN Pin=C28-2
Added Pin To Net: NetName=BQ_ISRN Pin=C30-1
Added Pin To Net: NetName=BQ_ISRN Pin=C31-2
Added Pin To Net: NetName=BQ_ISRN Pin=C32-2
Added Pin To Net: NetName=BQ_ISRN Pin=D11-1
Added Pin To Net: NetName=BQ_ISRN Pin=D11-2
Added Pin To Net: NetName=BQ_ISRN Pin=R22-2
Added Pin To Net: NetName=BQ_ISRN Pin=R26-2
Added Pin To Net: NetName=BQ_ISRN Pin=U5-9
Added Net: Name=BQ_ISRN
Added Pin To Net: NetName=BQ_ISRP Pin=C29-2
Added Pin To Net: NetName=BQ_ISRP Pin=C30-2
Added Pin To Net: NetName=BQ_ISRP Pin=L4-2
Added Pin To Net: NetName=BQ_ISRP Pin=R22-1
Added Pin To Net: NetName=BQ_ISRP Pin=U5-10
Added Net: Name=BQ_ISRP
Added Pin To Net: NetName=LM_VFB Pin=R14-1
Added Pin To Net: NetName=LM_VFB Pin=R17-2
Added Pin To Net: NetName=LM_VFB Pin=U4-3
Added Net: Name=LM_VFB
Added Pin To Net: NetName=NetC19_2 Pin=C19-2
Added Pin To Net: NetName=NetC19_2 Pin=U4-2
Added Net: Name=NetC19_2
Added Pin To Net: NetName=NetC21_1 Pin=C21-1
Added Pin To Net: NetName=NetC21_1 Pin=R19-2
Added Net: Name=NetC21_1
Added Pin To Net: NetName=NetC22_1 Pin=C22-1
Added Pin To Net: NetName=NetC22_1 Pin=D9-2
Added Pin To Net: NetName=NetC22_1 Pin=R20-2
Added Pin To Net: NetName=NetC22_1 Pin=U5-1
Added Net: Name=NetC22_1
Added Pin To Net: NetName=NetC25_1 Pin=C25-1
Added Pin To Net: NetName=NetC25_1 Pin=D10-1
Added Pin To Net: NetName=NetC25_1 Pin=U5-12
Added Net: Name=NetC25_1
Added Pin To Net: NetName=NetC27_1 Pin=C27-1
Added Pin To Net: NetName=NetC27_1 Pin=L4-1
Added Pin To Net: NetName=NetC27_1 Pin=Q2-1
Added Pin To Net: NetName=NetC27_1 Pin=Q2-2
Added Pin To Net: NetName=NetC27_1 Pin=Q2-3
Added Pin To Net: NetName=NetC27_1 Pin=Q3-5
Added Pin To Net: NetName=NetC27_1 Pin=Q3-5
Added Pin To Net: NetName=NetC27_1 Pin=Q3-5
Added Pin To Net: NetName=NetC27_1 Pin=Q3-5
Added Pin To Net: NetName=NetC27_1 Pin=Q3-5
Added Pin To Net: NetName=NetC27_1 Pin=Q3-5
Added Pin To Net: NetName=NetC27_1 Pin=Q3-5
Added Pin To Net: NetName=NetC27_1 Pin=U5-14
Added Net: Name=NetC27_1
Added Pin To Net: NetName=NetC34_1 Pin=C34-1
Added Pin To Net: NetName=NetC34_1 Pin=U6-1
Added Net: Name=NetC34_1
Added Pin To Net: NetName=NetC35_2 Pin=C35-2
Added Pin To Net: NetName=NetC35_2 Pin=C36-2
Added Pin To Net: NetName=NetC35_2 Pin=D15-2
Added Pin To Net: NetName=NetC35_2 Pin=R47-2
Added Pin To Net: NetName=NetC35_2 Pin=U6-5
Added Net: Name=NetC35_2
Added Pin To Net: NetName=NetC40_2 Pin=C40-2
Added Pin To Net: NetName=NetC40_2 Pin=U7-6
Added Net: Name=NetC40_2
Added Pin To Net: NetName=NetC42_2 Pin=C42-2
Added Pin To Net: NetName=NetC42_2 Pin=R49-1
Added Net: Name=NetC42_2
Added Pin To Net: NetName=NetC51_2 Pin=C51-2
Added Pin To Net: NetName=NetC51_2 Pin=U8-4
Added Net: Name=NetC51_2
Added Pin To Net: NetName=NetD5_1 Pin=D5-1
Added Pin To Net: NetName=NetD5_1 Pin=R9-2
Added Net: Name=NetD5_1
Added Pin To Net: NetName=NetD6_1 Pin=D6-1
Added Pin To Net: NetName=NetD6_1 Pin=R10-2
Added Net: Name=NetD6_1
Added Pin To Net: NetName=NetD7_1 Pin=D7-1
Added Pin To Net: NetName=NetD7_1 Pin=P3-1
Added Net: Name=NetD7_1
Added Pin To Net: NetName=NetD8_1 Pin=D8-1
Added Pin To Net: NetName=NetD8_1 Pin=D8-2
Added Pin To Net: NetName=NetD8_1 Pin=L3-2
Added Pin To Net: NetName=NetD8_1 Pin=Q1-5
Added Net: Name=NetD8_1
Added Pin To Net: NetName=NetD13_1 Pin=D13-1
Added Pin To Net: NetName=NetD13_1 Pin=R30-2
Added Net: Name=NetD13_1
Added Pin To Net: NetName=NetD15_1 Pin=D15-1
Added Pin To Net: NetName=NetD15_1 Pin=F1-2
Added Net: Name=NetD15_1
Added Pin To Net: NetName=NetD17_1 Pin=D17-1
Added Pin To Net: NetName=NetD17_1 Pin=R45-1
Added Net: Name=NetD17_1
Added Pin To Net: NetName=NetD18_2 Pin=D18-2
Added Pin To Net: NetName=NetD18_2 Pin=P5-1
Added Pin To Net: NetName=NetD18_2 Pin=R49-2
Added Pin To Net: NetName=NetD18_2 Pin=U7-1
Added Pin To Net: NetName=NetD18_2 Pin=U7-2
Added Net: Name=NetD18_2
Added Pin To Net: NetName=NetP1_1 Pin=P1-1
Added Pin To Net: NetName=NetP1_1 Pin=R4-1
Added Net: Name=NetP1_1
Added Pin To Net: NetName=NetP1_3 Pin=P1-3
Added Pin To Net: NetName=NetP1_3 Pin=R3-1
Added Net: Name=NetP1_3
Added Pin To Net: NetName=NetQ8_1 Pin=Q8-1
Added Pin To Net: NetName=NetQ8_1 Pin=Q10-3
Added Pin To Net: NetName=NetQ8_1 Pin=R41-1
Added Pin To Net: NetName=NetQ8_1 Pin=R43-1
Added Net: Name=NetQ8_1
Added Pin To Net: NetName=NetQ8_3 Pin=Q8-3
Added Pin To Net: NetName=NetQ8_3 Pin=R39-1
Added Net: Name=NetQ8_3
Added Pin To Net: NetName=NetR5_1 Pin=R5-1
Added Pin To Net: NetName=NetR5_1 Pin=U1-44
Added Net: Name=NetR5_1
Added Pin To Net: NetName=NetR12_1 Pin=R12-1
Added Pin To Net: NetName=NetR12_1 Pin=SB1-2
Added Net: Name=NetR12_1
Added Pin To Net: NetName=NetR13_2 Pin=R13-2
Added Pin To Net: NetName=NetR13_2 Pin=U4-6
Added Net: Name=NetR13_2
Added Pin To Net: NetName=NetR15_2 Pin=R15-2
Added Pin To Net: NetName=NetR15_2 Pin=U4-7
Added Net: Name=NetR15_2
Added Pin To Net: NetName=NetR21_1 Pin=R21-1
Added Pin To Net: NetName=NetR21_1 Pin=U5-15
Added Net: Name=NetR21_1
Added Pin To Net: NetName=NetR23_1 Pin=R23-1
Added Pin To Net: NetName=NetR23_1 Pin=U5-13
Added Net: Name=NetR23_1
Added Pin To Net: NetName=NetR46_2 Pin=R46-2
Added Pin To Net: NetName=NetR46_2 Pin=U7-7
Added Net: Name=NetR46_2
Added Pin To Net: NetName=NetR47_1 Pin=R47-1
Added Pin To Net: NetName=NetR47_1 Pin=R51-2
Added Pin To Net: NetName=NetR47_1 Pin=U6-4
Added Net: Name=NetR47_1
Added Pin To Net: NetName=P_SW Pin=Q9-1
Added Pin To Net: NetName=P_SW Pin=Q10-1
Added Pin To Net: NetName=P_SW Pin=R42-2
Added Pin To Net: NetName=P_SW Pin=R44-1
Added Net: Name=P_SW
Added Pin To Net: NetName=VCC_3V3 Pin=C3-2
Added Pin To Net: NetName=VCC_3V3 Pin=C4-2
Added Pin To Net: NetName=VCC_3V3 Pin=C6-2
Added Pin To Net: NetName=VCC_3V3 Pin=C7-2
Added Pin To Net: NetName=VCC_3V3 Pin=C8-2
Added Pin To Net: NetName=VCC_3V3 Pin=C9-2
Added Pin To Net: NetName=VCC_3V3 Pin=C10-2
Added Pin To Net: NetName=VCC_3V3 Pin=C45-2
Added Pin To Net: NetName=VCC_3V3 Pin=C46-2
Added Pin To Net: NetName=VCC_3V3 Pin=L1-1
Added Pin To Net: NetName=VCC_3V3 Pin=R1-2
Added Pin To Net: NetName=VCC_3V3 Pin=R2-2
Added Pin To Net: NetName=VCC_3V3 Pin=R6-1
Added Pin To Net: NetName=VCC_3V3 Pin=R7-2
Added Pin To Net: NetName=VCC_3V3 Pin=R8-1
Added Pin To Net: NetName=VCC_3V3 Pin=R9-1
Added Pin To Net: NetName=VCC_3V3 Pin=R10-1
Added Pin To Net: NetName=VCC_3V3 Pin=R11-1
Added Pin To Net: NetName=VCC_3V3 Pin=U1-1
Added Pin To Net: NetName=VCC_3V3 Pin=U1-24
Added Pin To Net: NetName=VCC_3V3 Pin=U1-36
Added Pin To Net: NetName=VCC_3V3 Pin=U1-48
Added Pin To Net: NetName=VCC_3V3 Pin=U2-3
Added Pin To Net: NetName=VCC_3V3 Pin=U3-3
Added Pin To Net: NetName=VCC_3V3 Pin=U8-5
Added Net: Name=VCC_3V3
Added Pin To Net: NetName=VCC_BAT Pin=C23-2
Added Pin To Net: NetName=VCC_BAT Pin=C24-2
Added Pin To Net: NetName=VCC_BAT Pin=F1-1
Added Pin To Net: NetName=VCC_BAT Pin=Q2-5
Added Pin To Net: NetName=VCC_BAT Pin=Q2-5
Added Pin To Net: NetName=VCC_BAT Pin=Q2-5
Added Pin To Net: NetName=VCC_BAT Pin=Q2-5
Added Pin To Net: NetName=VCC_BAT Pin=Q2-5
Added Pin To Net: NetName=VCC_BAT Pin=Q2-5
Added Pin To Net: NetName=VCC_BAT Pin=Q2-5
Added Pin To Net: NetName=VCC_BAT Pin=Q4-3
Added Pin To Net: NetName=VCC_BAT Pin=R19-1
Added Pin To Net: NetName=VCC_BAT Pin=R20-1
Added Pin To Net: NetName=VCC_BAT Pin=R32-2
Added Pin To Net: NetName=VCC_BAT Pin=R34-2
Added Pin To Net: NetName=VCC_BAT Pin=R53-2
Added Pin To Net: NetName=VCC_BAT Pin=U7-3
Added Pin To Net: NetName=VCC_BAT Pin=U7-4
Added Net: Name=VCC_BAT
Added Pin To Net: NetName=VCC_CAPBOOST Pin=C14-2
Added Pin To Net: NetName=VCC_CAPBOOST Pin=C15-2
Added Pin To Net: NetName=VCC_CAPBOOST Pin=C16-2
Added Pin To Net: NetName=VCC_CAPBOOST Pin=C17-2
Added Pin To Net: NetName=VCC_CAPBOOST Pin=C18-2
Added Pin To Net: NetName=VCC_CAPBOOST Pin=D8-3
Added Pin To Net: NetName=VCC_CAPBOOST Pin=Q7-3
Added Pin To Net: NetName=VCC_CAPBOOST Pin=R14-2
Added Pin To Net: NetName=VCC_CAPBOOST Pin=R33-1
Added Pin To Net: NetName=VCC_CAPBOOST Pin=R38-2
Added Net: Name=VCC_CAPBOOST
Added Pin To Net: NetName=VCC_CAP Pin=C11-2
Added Pin To Net: NetName=VCC_CAP Pin=C12-2
Added Pin To Net: NetName=VCC_CAP Pin=C13-2
Added Pin To Net: NetName=VCC_CAP Pin=D11-3
Added Pin To Net: NetName=VCC_CAP Pin=L3-1
Added Pin To Net: NetName=VCC_CAP Pin=P6-1
Added Pin To Net: NetName=VCC_CAP Pin=R54-2
Added Pin To Net: NetName=VCC_CAP Pin=U4-8
Added Net: Name=VCC_CAP
Added Class: Name=Boost
Added Class: Name=Buck
Added Class: Name=PowerPath
Added Member To Class: ClassName=MCU Member=Component C1 1uF
Added Member To Class: ClassName=MCU Member=Component C2 0.1uF
Added Member To Class: ClassName=MCU Member=Component C3 10uF
Added Member To Class: ClassName=MCU Member=Component C4 0.1uF
Added Member To Class: ClassName=MCU Member=Component C5 0.1uF
Added Member To Class: ClassName=MCU Member=Component C6 1uF
Added Member To Class: ClassName=MCU Member=Component C7 0.1uF
Added Member To Class: ClassName=MCU Member=Component C8 0.1uF
Added Member To Class: ClassName=MCU Member=Component C9 0.1uF
Added Member To Class: ClassName=MCU Member=Component C10 0.1uF
Added Member To Class: ClassName=Power Member=Component C33 0.1uF
Added Member To Class: ClassName=Power Member=Component C34 0.1uF
Added Member To Class: ClassName=Power Member=Component C35 10uF
Added Member To Class: ClassName=Power Member=Component C36 0.1uF
Added Member To Class: ClassName=Power Member=Component C37 47pF
Added Member To Class: ClassName=Power Member=Component C38 0.1uF
Added Member To Class: ClassName=Power Member=Component C39 10uF
Added Member To Class: ClassName=Power Member=Component C40 0.1uF
Added Member To Class: ClassName=Power Member=Component C41 150pF
Added Member To Class: ClassName=Power Member=Component C42 10nF
Added Member To Class: ClassName=Power Member=Component C43 10uF
Added Member To Class: ClassName=Power Member=Component C44 0.1uF
Added Member To Class: ClassName=Power Member=Component C45 0.1uF
Added Member To Class: ClassName=Power Member=Component C46 10uF
Added Member To Class: ClassName=Power Member=Component C47 10uF
Added Member To Class: ClassName=Power Member=Component C48 0.1uF
Added Member To Class: ClassName=Power Member=Component C49 0.1uF
Added Member To Class: ClassName=Power Member=Component C50 10uF
Added Member To Class: ClassName=Power Member=Component C51 22nF
Added Member To Class: ClassName=Power Member=Component C52 150pF
Added Member To Class: ClassName=Power Member=Component C53 150pF
Added Member To Class: ClassName=MCU Member=Component D1 D3.9
Added Member To Class: ClassName=MCU Member=Component D2 D3.9
Added Member To Class: ClassName=MCU Member=Component D3 LED_B
Added Member To Class: ClassName=MCU Member=Component D4 LED_W
Added Member To Class: ClassName=MCU Member=Component D5 LED_G
Added Member To Class: ClassName=MCU Member=Component D6 LED_R
Added Member To Class: ClassName=MCU Member=Component D7 B5819WS
Added Member To Class: ClassName=Power Member=Component D15 B5819WS
Added Member To Class: ClassName=Power Member=Component D16 B5819WS
Added Member To Class: ClassName=Power Member=Component D17 LED_Power
Added Member To Class: ClassName=Power Member=Component D18 SMBJ28CA
Added Member To Class: ClassName=Power Member=Component D19 Z3.9
Added Member To Class: ClassName=Power Member=Component D20 Z3.9
Added Member To Class: ClassName=Power Member=Component F1 MF-NSMF012-2
Added Member To Class: ClassName=MCU Member=Component L1 10uH
Added Member To Class: ClassName=MCU Member=Component L2 10uH
Added Member To Class: ClassName=Power Member=Component L5 MHCI04020-100M-R8
Added Member To Class: ClassName=MCU Member=Component P1 XH_3
Added Member To Class: ClassName=MCU Member=Component P2 XH_2
Added Member To Class: ClassName=MCU Member=Component P3 Molex-53261-0471
Added Member To Class: ClassName=MCU Member=Component P4 XH_2
Added Member To Class: ClassName=Power Member=Component P5 XT60PW-F
Added Member To Class: ClassName=Power Member=Component P6 XT60PW-F
Added Member To Class: ClassName=Power Member=Component P7 XT60PW-F
Added Member To Class: ClassName=MCU Member=Component R1 10K
Added Member To Class: ClassName=MCU Member=Component R2 10K
Added Member To Class: ClassName=MCU Member=Component R3 100R
Added Member To Class: ClassName=MCU Member=Component R4 100R
Added Member To Class: ClassName=MCU Member=Component R5 10K
Added Member To Class: ClassName=MCU Member=Component R6 4.7K
Added Member To Class: ClassName=MCU Member=Component R7 10K
Added Member To Class: ClassName=MCU Member=Component R8 4.7K
Added Member To Class: ClassName=MCU Member=Component R9 4.7K
Added Member To Class: ClassName=MCU Member=Component R10 4.7K
Added Member To Class: ClassName=MCU Member=Component R11 10K
Added Member To Class: ClassName=MCU Member=Component R12 120R
Added Member To Class: ClassName=Power Member=Component R45 4.7K
Added Member To Class: ClassName=Power Member=Component R46 2K
Added Member To Class: ClassName=Power Member=Component R47 100K
Added Member To Class: ClassName=Power Member=Component R48 124K
Added Member To Class: ClassName=Power Member=Component R49 33R
Added Member To Class: ClassName=Power Member=Component R50 3K
Added Member To Class: ClassName=Power Member=Component R51 30K
Added Member To Class: ClassName=Power Member=Component R52 22K
Added Member To Class: ClassName=Power Member=Component R53 20K
Added Member To Class: ClassName=Power Member=Component R54 20K
Added Member To Class: ClassName=Power Member=Component R55 2K
Added Member To Class: ClassName=Power Member=Component R56 2K
Added Member To Class: ClassName=MCU Member=Component SB1 Solderbridge
Added Member To Class: ClassName=MCU Member=Component SW1 SW_USER
Added Member To Class: ClassName=MCU Member=Component U1 STM32F103C8T6
Added Member To Class: ClassName=MCU Member=Component U2 MCP4725
Added Member To Class: ClassName=MCU Member=Component U3 SN65HVD230DR
Added Member To Class: ClassName=Power Member=Component U6 MP2456
Added Member To Class: ClassName=Power Member=Component U7 ACS712ELCTR-20A
Added Member To Class: ClassName=Power Member=Component U8 RT9193-33GB
Added Member To Class: ClassName=Power Member=Component U9 TPS70950DBVR
Added Member To Class: ClassName=MCU Member=Component X1 8MHz
